Analysis & Synthesis report for cubefield
Thu Nov 13 01:00:50 2014
Quartus II 32-bit Version 11.1 Build 259 01/25/2012 Service Pack 2 SJ Web Edition


---------------------
; Table of Contents ;
---------------------
  1. Legal Notice
  2. Analysis & Synthesis Summary
  3. Analysis & Synthesis Settings
  4. Parallel Compilation
  5. Analysis & Synthesis Messages
  6. Analysis & Synthesis Suppressed Messages



----------------
; Legal Notice ;
----------------
Copyright (C) 1991-2011 Altera Corporation
Your use of Altera Corporation's design tools, logic functions 
and other software and tools, and its AMPP partner logic 
functions, and any output files from any of the foregoing 
(including device programming or simulation files), and any 
associated documentation or information are expressly subject 
to the terms and conditions of the Altera Program License 
Subscription Agreement, Altera MegaCore Function License 
Agreement, or other applicable license agreement, including, 
without limitation, that your use is for the sole purpose of 
programming logic devices manufactured by Altera and sold by 
Altera or its authorized distributors.  Please refer to the 
applicable agreement for further details.



+------------------------------------------------------------------------------------+
; Analysis & Synthesis Summary                                                       ;
+------------------------------------+-----------------------------------------------+
; Analysis & Synthesis Status        ; Failed - Thu Nov 13 01:00:50 2014             ;
; Quartus II 32-bit Version          ; 11.1 Build 259 01/25/2012 SP 2 SJ Web Edition ;
; Revision Name                      ; cubefield                                     ;
; Top-level Entity Name              ; cubefield                                     ;
; Family                             ; Cyclone II                                    ;
; Total logic elements               ; N/A until Partition Merge                     ;
;     Total combinational functions  ; N/A until Partition Merge                     ;
;     Dedicated logic registers      ; N/A until Partition Merge                     ;
; Total registers                    ; N/A until Partition Merge                     ;
; Total pins                         ; N/A until Partition Merge                     ;
; Total virtual pins                 ; N/A until Partition Merge                     ;
; Total memory bits                  ; N/A until Partition Merge                     ;
; Embedded Multiplier 9-bit elements ; N/A until Partition Merge                     ;
; Total PLLs                         ; N/A until Partition Merge                     ;
+------------------------------------+-----------------------------------------------+


+----------------------------------------------------------------------------------------------------------------------+
; Analysis & Synthesis Settings                                                                                        ;
+----------------------------------------------------------------------------+--------------------+--------------------+
; Option                                                                     ; Setting            ; Default Value      ;
+----------------------------------------------------------------------------+--------------------+--------------------+
; Device                                                                     ; EP2C35F672C6       ;                    ;
; Top-level entity name                                                      ; cubefield          ; cubefield          ;
; Family name                                                                ; Cyclone II         ; Cyclone IV GX      ;
; Use smart compilation                                                      ; Off                ; Off                ;
; Enable parallel Assembler and TimeQuest Timing Analyzer during compilation ; On                 ; On                 ;
; Enable compact report table                                                ; Off                ; Off                ;
; Restructure Multiplexers                                                   ; Auto               ; Auto               ;
; Create Debugging Nodes for IP Cores                                        ; Off                ; Off                ;
; Preserve fewer node names                                                  ; On                 ; On                 ;
; Disable OpenCore Plus hardware evaluation                                  ; Off                ; Off                ;
; Verilog Version                                                            ; Verilog_2001       ; Verilog_2001       ;
; VHDL Version                                                               ; VHDL_1993          ; VHDL_1993          ;
; State Machine Processing                                                   ; Auto               ; Auto               ;
; Safe State Machine                                                         ; Off                ; Off                ;
; Extract Verilog State Machines                                             ; On                 ; On                 ;
; Extract VHDL State Machines                                                ; On                 ; On                 ;
; Ignore Verilog initial constructs                                          ; Off                ; Off                ;
; Iteration limit for constant Verilog loops                                 ; 5000               ; 5000               ;
; Iteration limit for non-constant Verilog loops                             ; 250                ; 250                ;
; Add Pass-Through Logic to Inferred RAMs                                    ; On                 ; On                 ;
; Infer RAMs from Raw Logic                                                  ; On                 ; On                 ;
; Parallel Synthesis                                                         ; On                 ; On                 ;
; DSP Block Balancing                                                        ; Auto               ; Auto               ;
; NOT Gate Push-Back                                                         ; On                 ; On                 ;
; Power-Up Don't Care                                                        ; On                 ; On                 ;
; Remove Redundant Logic Cells                                               ; Off                ; Off                ;
; Remove Duplicate Registers                                                 ; On                 ; On                 ;
; Ignore CARRY Buffers                                                       ; Off                ; Off                ;
; Ignore CASCADE Buffers                                                     ; Off                ; Off                ;
; Ignore GLOBAL Buffers                                                      ; Off                ; Off                ;
; Ignore ROW GLOBAL Buffers                                                  ; Off                ; Off                ;
; Ignore LCELL Buffers                                                       ; Off                ; Off                ;
; Ignore SOFT Buffers                                                        ; On                 ; On                 ;
; Limit AHDL Integers to 32 Bits                                             ; Off                ; Off                ;
; Optimization Technique                                                     ; Balanced           ; Balanced           ;
; Carry Chain Length                                                         ; 70                 ; 70                 ;
; Auto Carry Chains                                                          ; On                 ; On                 ;
; Auto Open-Drain Pins                                                       ; On                 ; On                 ;
; Perform WYSIWYG Primitive Resynthesis                                      ; Off                ; Off                ;
; Auto ROM Replacement                                                       ; On                 ; On                 ;
; Auto RAM Replacement                                                       ; On                 ; On                 ;
; Auto Shift Register Replacement                                            ; Auto               ; Auto               ;
; Allow Shift Register Merging across Hierarchies                            ; Auto               ; Auto               ;
; Auto Clock Enable Replacement                                              ; On                 ; On                 ;
; Strict RAM Replacement                                                     ; Off                ; Off                ;
; Allow Synchronous Control Signals                                          ; On                 ; On                 ;
; Force Use of Synchronous Clear Signals                                     ; Off                ; Off                ;
; Auto RAM to Logic Cell Conversion                                          ; Off                ; Off                ;
; Auto Resource Sharing                                                      ; Off                ; Off                ;
; Allow Any RAM Size For Recognition                                         ; Off                ; Off                ;
; Allow Any ROM Size For Recognition                                         ; Off                ; Off                ;
; Allow Any Shift Register Size For Recognition                              ; Off                ; Off                ;
; Use LogicLock Constraints during Resource Balancing                        ; On                 ; On                 ;
; Ignore translate_off and synthesis_off directives                          ; Off                ; Off                ;
; Timing-Driven Synthesis                                                    ; Off                ; Off                ;
; Report Parameter Settings                                                  ; On                 ; On                 ;
; Report Source Assignments                                                  ; On                 ; On                 ;
; Report Connectivity Checks                                                 ; On                 ; On                 ;
; Ignore Maximum Fan-Out Assignments                                         ; Off                ; Off                ;
; Synchronization Register Chain Length                                      ; 2                  ; 2                  ;
; PowerPlay Power Optimization                                               ; Normal compilation ; Normal compilation ;
; HDL message level                                                          ; Level2             ; Level2             ;
; Suppress Register Optimization Related Messages                            ; Off                ; Off                ;
; Number of Removed Registers Reported in Synthesis Report                   ; 5000               ; 5000               ;
; Number of Inverted Registers Reported in Synthesis Report                  ; 100                ; 100                ;
; Clock MUX Protection                                                       ; On                 ; On                 ;
; Auto Gated Clock Conversion                                                ; Off                ; Off                ;
; Block Design Naming                                                        ; Auto               ; Auto               ;
; SDC constraint protection                                                  ; Off                ; Off                ;
; Synthesis Effort                                                           ; Auto               ; Auto               ;
; Shift Register Replacement - Allow Asynchronous Clear Signal               ; On                 ; On                 ;
; Analysis & Synthesis Message Level                                         ; Medium             ; Medium             ;
; Disable Register Merging Across Hierarchies                                ; Auto               ; Auto               ;
; Resource Aware Inference For Block RAM                                     ; On                 ; On                 ;
; Synthesis Seed                                                             ; 1                  ; 1                  ;
+----------------------------------------------------------------------------+--------------------+--------------------+


Parallel compilation was disabled, but you have multiple processors available. Enable parallel compilation to reduce compilation time.
+-------------------------------------+
; Parallel Compilation                ;
+----------------------------+--------+
; Processors                 ; Number ;
+----------------------------+--------+
; Number detected on machine ; 2      ;
; Maximum allowed            ; 1      ;
+----------------------------+--------+


+-------------------------------+
; Analysis & Synthesis Messages ;
+-------------------------------+
Info: *******************************************************************
Info: Running Quartus II 32-bit Analysis & Synthesis
    Info: Version 11.1 Build 259 01/25/2012 Service Pack 2 SJ Web Edition
    Info: Processing started: Thu Nov 13 01:00:48 2014
Info: Command: quartus_map --read_settings_files=on --write_settings_files=off cubefield -c cubefield
Warning (20028): Parallel compilation is not licensed and has been disabled
Info (12021): Found 1 design units, including 1 entities, in source file vga_adapter/vga_pll.v
    Info (12023): Found entity 1: vga_pll
Info (12021): Found 1 design units, including 1 entities, in source file vga_adapter/vga_controller.v
    Info (12023): Found entity 1: vga_controller
Info (12021): Found 1 design units, including 1 entities, in source file vga_adapter/vga_address_translator.v
    Info (12023): Found entity 1: vga_address_translator
Info (12021): Found 1 design units, including 1 entities, in source file vga_adapter/vga_adapter.v
    Info (12023): Found entity 1: vga_adapter
Info (12021): Found 2 design units, including 2 entities, in source file cubefield.v
    Info (12023): Found entity 1: cubefield
    Info (12023): Found entity 2: display
Info (12021): Found 1 design units, including 1 entities, in source file cursormemory.v
    Info (12023): Found entity 1: cursormemory
Info (12021): Found 1 design units, including 1 entities, in source file bmp2mif/background.v
    Info (12023): Found entity 1: background
Critical Warning (10846): Verilog HDL Instantiation warning at cubefield.v(96): instance has no name
Critical Warning (10846): Verilog HDL Instantiation warning at cubefield.v(97): instance has no name
Critical Warning (10846): Verilog HDL Instantiation warning at cubefield.v(106): instance has no name
Info (12127): Elaborating entity "cubefield" for the top level hierarchy
Warning (10230): Verilog HDL assignment warning at cubefield.v(34): truncated value with size 3 to match size of target (2)
Warning (10230): Verilog HDL assignment warning at cubefield.v(35): truncated value with size 3 to match size of target (2)
Warning (10230): Verilog HDL assignment warning at cubefield.v(37): truncated value with size 3 to match size of target (2)
Warning (10230): Verilog HDL assignment warning at cubefield.v(38): truncated value with size 3 to match size of target (2)
Warning (10230): Verilog HDL assignment warning at cubefield.v(41): truncated value with size 3 to match size of target (2)
Warning (10230): Verilog HDL assignment warning at cubefield.v(44): truncated value with size 3 to match size of target (2)
Warning (10230): Verilog HDL assignment warning at cubefield.v(49): truncated value with size 3 to match size of target (2)
Warning (10230): Verilog HDL assignment warning at cubefield.v(53): truncated value with size 3 to match size of target (2)
Warning (10272): Verilog HDL Case Statement warning at cubefield.v(51): case item expression covers a value already covered by a previous case item
Warning (10240): Verilog HDL Always Construct warning at cubefield.v(31): inferring latch(es) for variable "done_bkgrd", which holds its previous value in one or more paths through the always construct
Warning (10235): Verilog HDL Always Construct warning at cubefield.v(59): variable "D" is read inside the Always Construct but isn't in the Always Construct's Event Control
Warning (10235): Verilog HDL Always Construct warning at cubefield.v(60): variable "Q" is read inside the Always Construct but isn't in the Always Construct's Event Control
Warning (10235): Verilog HDL Always Construct warning at cubefield.v(70): variable "Q" is read inside the Always Construct but isn't in the Always Construct's Event Control
Warning (10235): Verilog HDL Always Construct warning at cubefield.v(72): variable "bcounter_x" is read inside the Always Construct but isn't in the Always Construct's Event Control
Warning (10235): Verilog HDL Always Construct warning at cubefield.v(73): variable "bcounter_x" is read inside the Always Construct but isn't in the Always Construct's Event Control
Warning (10230): Verilog HDL assignment warning at cubefield.v(73): truncated value with size 32 to match size of target (8)
Warning (10235): Verilog HDL Always Construct warning at cubefield.v(74): variable "background_counter" is read inside the Always Construct but isn't in the Always Construct's Event Control
Warning (10230): Verilog HDL assignment warning at cubefield.v(74): truncated value with size 32 to match size of target (15)
Warning (10235): Verilog HDL Always Construct warning at cubefield.v(76): variable "Q" is read inside the Always Construct but isn't in the Always Construct's Event Control
Warning (10235): Verilog HDL Always Construct warning at cubefield.v(79): variable "bcounter_y" is read inside the Always Construct but isn't in the Always Construct's Event Control
Warning (10230): Verilog HDL assignment warning at cubefield.v(79): truncated value with size 32 to match size of target (7)
Warning (10235): Verilog HDL Always Construct warning at cubefield.v(80): variable "background_counter" is read inside the Always Construct but isn't in the Always Construct's Event Control
Warning (10230): Verilog HDL assignment warning at cubefield.v(80): truncated value with size 32 to match size of target (15)
Warning (10235): Verilog HDL Always Construct warning at cubefield.v(82): variable "Q" is read inside the Always Construct but isn't in the Always Construct's Event Control
Warning (10235): Verilog HDL Always Construct warning at cubefield.v(84): variable "ccounter_x" is read inside the Always Construct but isn't in the Always Construct's Event Control
Warning (10235): Verilog HDL Always Construct warning at cubefield.v(85): variable "ccounter_x" is read inside the Always Construct but isn't in the Always Construct's Event Control
Warning (10230): Verilog HDL assignment warning at cubefield.v(85): truncated value with size 32 to match size of target (4)
Warning (10235): Verilog HDL Always Construct warning at cubefield.v(86): variable "cursor_counter" is read inside the Always Construct but isn't in the Always Construct's Event Control
Warning (10230): Verilog HDL assignment warning at cubefield.v(86): truncated value with size 32 to match size of target (8)
Warning (10235): Verilog HDL Always Construct warning at cubefield.v(88): variable "Q" is read inside the Always Construct but isn't in the Always Construct's Event Control
Warning (10240): Verilog HDL Always Construct warning at cubefield.v(57): inferring latch(es) for variable "cursor_counter", which holds its previous value in one or more paths through the always construct
Warning (10240): Verilog HDL Always Construct warning at cubefield.v(57): inferring latch(es) for variable "background_counter", which holds its previous value in one or more paths through the always construct
Warning (10240): Verilog HDL Always Construct warning at cubefield.v(57): inferring latch(es) for variable "bcounter_x", which holds its previous value in one or more paths through the always construct
Warning (10240): Verilog HDL Always Construct warning at cubefield.v(57): inferring latch(es) for variable "bcounter_y", which holds its previous value in one or more paths through the always construct
Warning (10240): Verilog HDL Always Construct warning at cubefield.v(57): inferring latch(es) for variable "ccounter_x", which holds its previous value in one or more paths through the always construct
Warning (10240): Verilog HDL Always Construct warning at cubefield.v(57): inferring latch(es) for variable "ccounter_y", which holds its previous value in one or more paths through the always construct
Warning (10240): Verilog HDL Always Construct warning at cubefield.v(57): inferring latch(es) for variable "done_bkgrd", which holds its previous value in one or more paths through the always construct
Warning (10240): Verilog HDL Always Construct warning at cubefield.v(57): inferring latch(es) for variable "x", which holds its previous value in one or more paths through the always construct
Info (10041): Inferred latch for "done_bkgrd" at cubefield.v(57)
Info (10041): Inferred latch for "ccounter_x[0]" at cubefield.v(57)
Info (10041): Inferred latch for "ccounter_x[1]" at cubefield.v(57)
Info (10041): Inferred latch for "ccounter_x[2]" at cubefield.v(57)
Info (10041): Inferred latch for "ccounter_x[3]" at cubefield.v(57)
Info (10041): Inferred latch for "bcounter_y[0]" at cubefield.v(57)
Info (10041): Inferred latch for "bcounter_y[1]" at cubefield.v(57)
Info (10041): Inferred latch for "bcounter_y[2]" at cubefield.v(57)
Info (10041): Inferred latch for "bcounter_y[3]" at cubefield.v(57)
Info (10041): Inferred latch for "bcounter_y[4]" at cubefield.v(57)
Info (10041): Inferred latch for "bcounter_y[5]" at cubefield.v(57)
Info (10041): Inferred latch for "bcounter_y[6]" at cubefield.v(57)
Info (10041): Inferred latch for "bcounter_x[0]" at cubefield.v(57)
Info (10041): Inferred latch for "bcounter_x[1]" at cubefield.v(57)
Info (10041): Inferred latch for "bcounter_x[2]" at cubefield.v(57)
Info (10041): Inferred latch for "bcounter_x[3]" at cubefield.v(57)
Info (10041): Inferred latch for "bcounter_x[4]" at cubefield.v(57)
Info (10041): Inferred latch for "bcounter_x[5]" at cubefield.v(57)
Info (10041): Inferred latch for "bcounter_x[6]" at cubefield.v(57)
Info (10041): Inferred latch for "bcounter_x[7]" at cubefield.v(57)
Info (10041): Inferred latch for "background_counter[0]" at cubefield.v(57)
Info (10041): Inferred latch for "background_counter[1]" at cubefield.v(57)
Info (10041): Inferred latch for "background_counter[2]" at cubefield.v(57)
Info (10041): Inferred latch for "background_counter[3]" at cubefield.v(57)
Info (10041): Inferred latch for "background_counter[4]" at cubefield.v(57)
Info (10041): Inferred latch for "background_counter[5]" at cubefield.v(57)
Info (10041): Inferred latch for "background_counter[6]" at cubefield.v(57)
Info (10041): Inferred latch for "background_counter[7]" at cubefield.v(57)
Info (10041): Inferred latch for "background_counter[8]" at cubefield.v(57)
Info (10041): Inferred latch for "background_counter[9]" at cubefield.v(57)
Info (10041): Inferred latch for "background_counter[10]" at cubefield.v(57)
Info (10041): Inferred latch for "background_counter[11]" at cubefield.v(57)
Info (10041): Inferred latch for "background_counter[12]" at cubefield.v(57)
Info (10041): Inferred latch for "background_counter[13]" at cubefield.v(57)
Info (10041): Inferred latch for "background_counter[14]" at cubefield.v(57)
Info (10041): Inferred latch for "cursor_counter[0]" at cubefield.v(57)
Info (10041): Inferred latch for "cursor_counter[1]" at cubefield.v(57)
Info (10041): Inferred latch for "cursor_counter[2]" at cubefield.v(57)
Info (10041): Inferred latch for "cursor_counter[3]" at cubefield.v(57)
Info (10041): Inferred latch for "cursor_counter[4]" at cubefield.v(57)
Info (10041): Inferred latch for "cursor_counter[5]" at cubefield.v(57)
Info (10041): Inferred latch for "cursor_counter[6]" at cubefield.v(57)
Info (10041): Inferred latch for "cursor_counter[7]" at cubefield.v(57)
Info (10041): Inferred latch for "x[0]" at cubefield.v(82)
Info (10041): Inferred latch for "x[1]" at cubefield.v(82)
Info (10041): Inferred latch for "x[2]" at cubefield.v(82)
Info (10041): Inferred latch for "x[3]" at cubefield.v(82)
Info (10041): Inferred latch for "x[4]" at cubefield.v(82)
Info (10041): Inferred latch for "x[5]" at cubefield.v(82)
Info (10041): Inferred latch for "x[6]" at cubefield.v(82)
Info (10041): Inferred latch for "x[7]" at cubefield.v(82)
Info (10041): Inferred latch for "done_bkgrd" at cubefield.v(31)
Error (10028): Can't resolve multiple constant drivers for net "done_bkgrd" at cubefield.v(57) File: C:/Users/Raeia/Desktop/2nd Year/ECE241/Project/cubefield.v Line: 57
Error (10029): Constant driver at cubefield.v(31) File: C:/Users/Raeia/Desktop/2nd Year/ECE241/Project/cubefield.v Line: 31
Error (12153): Can't elaborate top-level user hierarchy
Info (144001): Generated suppressed messages file C:/Users/Raeia/Desktop/2nd Year/ECE241/Project/cubefield.map.smsg
Error: Quartus II 32-bit Analysis & Synthesis was unsuccessful. 3 errors, 42 warnings
    Error: Peak virtual memory: 297 megabytes
    Error: Processing ended: Thu Nov 13 01:00:50 2014
    Error: Elapsed time: 00:00:02
    Error: Total CPU time (on all processors): 00:00:02


+------------------------------------------+
; Analysis & Synthesis Suppressed Messages ;
+------------------------------------------+
The suppressed messages can be found in C:/Users/Raeia/Desktop/2nd Year/ECE241/Project/cubefield.map.smsg.


